Line 46: Class MSComctlLib.ListView of control LvwTerminate was not a loaded control class.
Line 107: Class MSComctlLib.ListView of control LvwBirthdays was not a loaded control class.
Line 185: Class MSComctlLib.ImageList of control imgPD was not a loaded control class.
Line 295: Class MSComDlg.CommonDialog of control cdl was not a loaded control class.
Line 341: Class MSComctlLib.ListView of control lstExpiry was not a loaded control class.
Line 411: Class MSComctlLib.ListView of control lvwProb was not a loaded control class.
Line 494: Class MSComctlLib.ListView of control lvwContracts was not a loaded control class.
Line 555: Class MSComctlLib.ListView of control lvwVisa was not a loaded control class.
Line 596: Class MSComctlLib.ImageList of control imgTree was not a loaded control class.
Line 718: Class MSComctlLib.TreeView of control tvwMain was not a loaded control class.
Line 773: Class MSComctlLib.ImageList of control ImageList1 was not a loaded control class.
Line 807: Class HoverButton.Button of control cmdDetails was not a loaded control class.
Line 866: Class HoverButton.Button of control cmdFind was not a loaded control class.
Line 988: Class MSComctlLib.ImageList of control imgMain was not a loaded control class.
Line 1200: Class MSComctlLib.Toolbar of control tlbPD was not a loaded control class.
Line 1553: Class MSComctlLib.ListView of control lvwEmp was not a loaded control class.
Line 52: The property name _ExtentX in LvwTerminate is invalid.
Line 53: The property name _ExtentY in LvwTerminate is invalid.
Line 54: The property name View in LvwTerminate is invalid.
Line 55: The property name LabelEdit in LvwTerminate is invalid.
Line 56: The property name SortOrder in LvwTerminate is invalid.
Line 57: The property name LabelWrap in LvwTerminate is invalid.
Line 58: The property name HideSelection in LvwTerminate is invalid.
Line 59: The property name FullRowSelect in LvwTerminate is invalid.
Line 60: The property name GridLines in LvwTerminate is invalid.
Line 61: The property name _Version in LvwTerminate is invalid.
Line 62: The property name SmallIcons in LvwTerminate is invalid.
Line 76: The property name NumItems in LvwTerminate is invalid.
Line 113: The property name _ExtentX in LvwBirthdays is invalid.
Line 114: The property name _ExtentY in LvwBirthdays is invalid.
Line 115: The property name View in LvwBirthdays is invalid.
Line 116: The property name LabelEdit in LvwBirthdays is invalid.
Line 117: The property name SortOrder in LvwBirthdays is invalid.
Line 118: The property name LabelWrap in LvwBirthdays is invalid.
Line 119: The property name HideSelection in LvwBirthdays is invalid.
Line 120: The property name FlatScrollBar in LvwBirthdays is invalid.
Line 121: The property name FullRowSelect in LvwBirthdays is invalid.
Line 122: The property name GridLines in LvwBirthdays is invalid.
Line 123: The property name _Version in LvwBirthdays is invalid.
Line 124: The property name SmallIcons in LvwBirthdays is invalid.
Line 138: The property name NumItems in LvwBirthdays is invalid.
Line 142: The property name ColumnHeader(1) in LvwBirthdays is invalid.
Line 147: The property name ColumnHeader(2) in LvwBirthdays is invalid.
Line 152: The property name ColumnHeader(3) in LvwBirthdays is invalid.
Line 157: The property name ColumnHeader(4) in LvwBirthdays is invalid.
Line 188: The property name _ExtentX in imgPD is invalid.
Line 189: The property name _ExtentY in imgPD is invalid.
Line 191: The property name ImageWidth in imgPD is invalid.
Line 192: The property name ImageHeight in imgPD is invalid.
Line 193: The property name MaskColor in imgPD is invalid.
Line 194: The property name _Version in imgPD is invalid.
Line 201: The property name Images in imgPD is invalid.
Line 298: The property name _ExtentX in cdl is invalid.
Line 299: The property name _ExtentY in cdl is invalid.
Line 300: The property name _Version in cdl is invalid.
Line 347: The property name _ExtentX in lstExpiry is invalid.
Line 348: The property name _ExtentY in lstExpiry is invalid.
Line 349: The property name View in lstExpiry is invalid.
Line 350: The property name LabelEdit in lstExpiry is invalid.
Line 351: The property name SortOrder in lstExpiry is invalid.
Line 352: The property name LabelWrap in lstExpiry is invalid.
Line 353: The property name HideSelection in lstExpiry is invalid.
Line 354: The property name FullRowSelect in lstExpiry is invalid.
Line 355: The property name _Version in lstExpiry is invalid.
Line 356: The property name SmallIcons in lstExpiry is invalid.
Line 370: The property name NumItems in lstExpiry is invalid.
Line 417: The property name _ExtentX in lvwProb is invalid.
Line 418: The property name _ExtentY in lvwProb is invalid.
Line 419: The property name View in lvwProb is invalid.
Line 420: The property name LabelEdit in lvwProb is invalid.
Line 421: The property name SortOrder in lvwProb is invalid.
Line 422: The property name LabelWrap in lvwProb is invalid.
Line 423: The property name HideSelection in lvwProb is invalid.
Line 424: The property name FlatScrollBar in lvwProb is invalid.
Line 425: The property name FullRowSelect in lvwProb is invalid.
Line 426: The property name GridLines in lvwProb is invalid.
Line 427: The property name _Version in lvwProb is invalid.
Line 428: The property name SmallIcons in lvwProb is invalid.
Line 442: The property name NumItems in lvwProb is invalid.
Line 445: The property name ColumnHeader(1) in lvwProb is invalid.
Line 500: The property name _ExtentX in lvwContracts is invalid.
Line 501: The property name _ExtentY in lvwContracts is invalid.
Line 502: The property name View in lvwContracts is invalid.
Line 503: The property name LabelEdit in lvwContracts is invalid.
Line 504: The property name SortOrder in lvwContracts is invalid.
Line 505: The property name LabelWrap in lvwContracts is invalid.
Line 506: The property name HideSelection in lvwContracts is invalid.
Line 507: The property name FullRowSelect in lvwContracts is invalid.
Line 508: The property name GridLines in lvwContracts is invalid.
Line 509: The property name _Version in lvwContracts is invalid.
Line 510: The property name SmallIcons in lvwContracts is invalid.
Line 524: The property name NumItems in lvwContracts is invalid.
Line 561: The property name _ExtentX in lvwVisa is invalid.
Line 562: The property name _ExtentY in lvwVisa is invalid.
Line 563: The property name View in lvwVisa is invalid.
Line 564: The property name LabelEdit in lvwVisa is invalid.
Line 565: The property name SortOrder in lvwVisa is invalid.
Line 566: The property name LabelWrap in lvwVisa is invalid.
Line 567: The property name HideSelection in lvwVisa is invalid.
Line 568: The property name FullRowSelect in lvwVisa is invalid.
Line 569: The property name GridLines in lvwVisa is invalid.
Line 570: The property name _Version in lvwVisa is invalid.
Line 571: The property name SmallIcons in lvwVisa is invalid.
Line 585: The property name NumItems in lvwVisa is invalid.
Line 599: The property name _ExtentX in imgTree is invalid.
Line 600: The property name _ExtentY in imgTree is invalid.
Line 602: The property name ImageWidth in imgTree is invalid.
Line 603: The property name ImageHeight in imgTree is invalid.
Line 604: The property name MaskColor in imgTree is invalid.
Line 605: The property name _Version in imgTree is invalid.
Line 716: The property name Images in imgTree is invalid.
Line 724: The property name _ExtentX in tvwMain is invalid.
Line 725: The property name _ExtentY in tvwMain is invalid.
Line 726: The property name _Version in tvwMain is invalid.
Line 727: The property name HideSelection in tvwMain is invalid.
Line 728: The property name Indentation in tvwMain is invalid.
Line 729: The property name LabelEdit in tvwMain is invalid.
Line 730: The property name Style in tvwMain is invalid.
Line 731: The property name FullRowSelect in tvwMain is invalid.
Line 732: The property name HotTracking in tvwMain is invalid.
Line 733: The property name ImageList in tvwMain is invalid.
Line 776: The property name _ExtentX in ImageList1 is invalid.
Line 777: The property name _ExtentY in ImageList1 is invalid.
Line 779: The property name ImageWidth in ImageList1 is invalid.
Line 780: The property name ImageHeight in ImageList1 is invalid.
Line 781: The property name MaskColor in ImageList1 is invalid.
Line 782: The property name _Version in ImageList1 is invalid.
Line 805: The property name Images in ImageList1 is invalid.
Line 814: The property name _ExtentX in cmdDetails is invalid.
Line 815: The property name _ExtentY in cmdDetails is invalid.
Line 817: The property name HoverBackColor in cmdDetails is invalid.
Line 818: The property name Border in cmdDetails is invalid.
Line 836: The property name FontDown in cmdDetails is invalid.
Line 845: The property name FontOverX in cmdDetails is invalid.
Line 846: The property name BorderColor in cmdDetails is invalid.
Line 847: The property name HilightColor in cmdDetails is invalid.
Line 848: The property name ShadowColor in cmdDetails is invalid.
Line 849: The property name HoverHilightColor in cmdDetails is invalid.
Line 850: The property name HoverShadowColor in cmdDetails is invalid.
Line 852: The property name HoverForeColor in cmdDetails is invalid.
Line 853: The property name Caption in cmdDetails is invalid.
Line 854: The property name CaptionDown in cmdDetails is invalid.
Line 855: The property name CaptionOver in cmdDetails is invalid.
Line 856: The property name ShowFocusRect in cmdDetails is invalid.
Line 857: The property name Sink in cmdDetails is invalid.
Line 859: The property name Style in cmdDetails is invalid.
Line 860: The property name PictureLocation in cmdDetails is invalid.
Line 861: The property name ButtonStyleX in cmdDetails is invalid.
Line 862: The property name State in cmdDetails is invalid.
Line 863: The property name IconHeight in cmdDetails is invalid.
Line 864: The property name IconWidth in cmdDetails is invalid.
Line 807: Property Picture in cmdDetails could not be set.
Line 872: The property name _ExtentX in cmdFind is invalid.
Line 873: The property name _ExtentY in cmdFind is invalid.
Line 875: The property name HoverBackColor in cmdFind is invalid.
Line 876: The property name Border in cmdFind is invalid.
Line 894: The property name FontDown in cmdFind is invalid.
Line 903: The property name FontOverX in cmdFind is invalid.
Line 904: The property name BorderColor in cmdFind is invalid.
Line 905: The property name HilightColor in cmdFind is invalid.
Line 906: The property name ShadowColor in cmdFind is invalid.
Line 907: The property name HoverHilightColor in cmdFind is invalid.
Line 908: The property name HoverShadowColor in cmdFind is invalid.
Line 910: The property name HoverForeColor in cmdFind is invalid.
Line 911: The property name Caption in cmdFind is invalid.
Line 912: The property name CaptionDown in cmdFind is invalid.
Line 913: The property name CaptionOver in cmdFind is invalid.
Line 914: The property name ShowFocusRect in cmdFind is invalid.
Line 915: The property name Sink in cmdFind is invalid.
Line 917: The property name Style in cmdFind is invalid.
Line 918: The property name PictureLocation in cmdFind is invalid.
Line 919: The property name ButtonStyleX in cmdFind is invalid.
Line 920: The property name State in cmdFind is invalid.
Line 921: The property name IconHeight in cmdFind is invalid.
Line 922: The property name IconWidth in cmdFind is invalid.
Line 866: Property Picture in cmdFind could not be set.
Line 991: The property name _ExtentX in imgMain is invalid.
Line 992: The property name _ExtentY in imgMain is invalid.
Line 994: The property name ImageWidth in imgMain is invalid.
Line 995: The property name ImageHeight in imgMain is invalid.
Line 996: The property name MaskColor in imgMain is invalid.
Line 997: The property name _Version in imgMain is invalid.
Line 1020: The property name Images in imgMain is invalid.
Line 1206: The property name _ExtentX in tlbPD is invalid.
Line 1207: The property name _ExtentY in tlbPD is invalid.
Line 1208: The property name ButtonWidth in tlbPD is invalid.
Line 1209: The property name ButtonHeight in tlbPD is invalid.
Line 1210: The property name Wrappable in tlbPD is invalid.
Line 1211: The property name Style in tlbPD is invalid.
Line 1212: The property name TextAlignment in tlbPD is invalid.
Line 1213: The property name ImageList in tlbPD is invalid.
Line 1214: The property name _Version in tlbPD is invalid.
Line 1254: The property name Buttons in tlbPD is invalid.
Line 1559: The property name _ExtentX in lvwEmp is invalid.
Line 1560: The property name _ExtentY in lvwEmp is invalid.
Line 1561: The property name LabelEdit in lvwEmp is invalid.
Line 1562: The property name LabelWrap in lvwEmp is invalid.
Line 1563: The property name HideSelection in lvwEmp is invalid.
Line 1564: The property name FullRowSelect in lvwEmp is invalid.
Line 1565: The property name _Version in lvwEmp is invalid.
Line 1566: The property name SmallIcons in lvwEmp is invalid.
Line 1580: The property name NumItems in lvwEmp is invalid.
